                Trace Summary

Service Level :
        JRE 11 Windows 10 amd64-64 (build 11.0.3+7)

JVM Start-up Params :
-Xoptionsfile=C:\Program Files\AdoptOpenJDK\jdk-11.0.3.7-openj9\lib\options.default
-Xlockword:mode=default,noLockword=java/lang/String,noLockword=java/util/MapEntry,noLockword=java/util/HashMap$Entry,noLockword=org/apache/harmony/luni/util/ModifiedMap$Entry,noLockword=java/util/Hashtable$Entry,noLockword=java/lang/invoke/MethodType,noLockword=java/lang/invoke/MethodHandle,noLockword=java/lang/invoke/CollectHandle,noLockword=java/lang/invoke/ConstructorHandle,noLockword=java/lang/invoke/ConvertHandle,noLockword=java/lang/invoke/ArgumentConversionHandle,noLockword=java/lang/invoke/AsTypeHandle,noLockword=java/lang/invoke/ExplicitCastHandle,noLockword=java/lang/invoke/FilterReturnHandle,noLockword=java/lang/invoke/DirectHandle,noLockword=java/lang/invoke/ReceiverBoundHandle,noLockword=java/lang/invoke/DynamicInvokerHandle,noLockword=java/lang/invoke/FieldHandle,noLockword=java/lang/invoke/FieldGetterHandle,noLockword=java/lang/invoke/FieldSetterHandle,noLockword=java/lang/invoke/StaticFieldGetterHandle,noLockword=java/lang/invoke/StaticFieldSetterHandle,noLockword=java/lang/invoke/IndirectHandle,noLockword=java/lang/invoke/InterfaceHandle,noLockword=java/lang/invoke/VirtualHandle,noLockword=java/lang/invoke/PrimitiveHandle,noLockword=java/lang/invoke/InvokeExactHandle,noLockword=java/lang/invoke/InvokeGenericHandle,noLockword=java/lang/invoke/VarargsCollectorHandle,noLockword=java/lang/invoke/ThunkTuple
-Xjcl:jclse29
-Dcom.ibm.oti.vm.bootstrap.library.path=C:\Program Files\AdoptOpenJDK\jdk-11.0.3.7-openj9\bin\compressedrefs;C:\Program Files\AdoptOpenJDK\jdk-11.0.3.7-openj9\bin
-Dsun.boot.library.path=C:\Program Files\AdoptOpenJDK\jdk-11.0.3.7-openj9\bin\compressedrefs;C:\Program Files\AdoptOpenJDK\jdk-11.0.3.7-openj9\bin
-Djava.library.path=C:\Program Files\AdoptOpenJDK\jdk-11.0.3.7-openj9\bin\compressedrefs;C:\Program Files\AdoptOpenJDK\jdk-11.0.3.7-openj9\bin;C:\WINDOWS\system32;C:\WINDOWS;C:/Program Files/AdoptOpenJDK/jdk-11.0.3.7-openj9/bin/j9vm;C:/Program Files/AdoptOpenJDK/jdk-11.0.3.7-openj9/bin;C:\Program Files\AdoptOpenJDK\jdk-11.0.3.7-openj9\bin;C:\Users\DELL\AppData\Local\Programs\Python\Python36\Scripts\;C:\Users\DELL\AppData\Local\Programs\Python\Python36\;C:\Users\DELL\AppData\Local\Programs\Python\Launcher\;C:\Windows\system32;C:\Windows;C:\Windows\System32\Wbem;C:\Windows\System32\WindowsPowerShell\v1.0\;C:\Program Files (x86)\NVIDIA Corporation\PhysX\Common;C:\Program Files\Intel\WiFi\bin\;C:\Program Files\Common Files\Intel\WirelessCommon\;C:\WINDOWS\system32;C:\WINDOWS;C:\WINDOWS\System32\Wbem;C:\WINDOWS\System32\WindowsPowerShell\v1.0\;C:\WINDOWS\System32\OpenSSH\;C:\Users\DELL\AppData\Local\Microsoft\WindowsApps;D:\Octave Program\machine-learning-ex1\ex1;C:\adb;;C:\Users\DELL\adb;C:\Program Files\heroku\bin;G:\eclipse-jee-2019-03-R-win32-x86_64\eclipse;;.
-Djava.home=C:\Program Files\AdoptOpenJDK\jdk-11.0.3.7-openj9
-Duser.dir=C:\Users\DELL\eclipse-workspace\Demo
-Xtrace:none
-Xtrace:methods=Example1,trigger=method{Example1,jstacktrace},maximal=mt,output=Example1Out.trc
-Djava.class.path=.
-Dsun.java.command=Example1
-Dsun.java.launcher=SUN_STANDARD


Activation Info :
        FORMAT=C:\Program Files\AdoptOpenJDK\jdk-11.0.3.7-openj9\lib;.
        MAXIMAL=all{level1}
        EXCEPTION=j9mm{gclogger}
        MAXIMAL=all{level2}
        none
        methods=Example1
        trigger={method{Example1,jstacktrace}}
        maximal=mt
        output=Example1Out.trc

Sys Processor Info :
        Arch family AMD64
        Processor Sub-type Opteron
        Num Processors 8
        Big Endian false
        Word size 64
        Using Trace Counter J9 timer

Active Threads :
        0x19a00  main

JVM started      : 06:45:56.883000000

Last buffer write: 06:45:57.400137554

First tracepoint:  06:45:57.360594250

Last tracepoint :  06:45:57.400136098


                Trace Formatted Data 

J9 timer(UTC)        ThreadID               TP id     Type        TraceEntry 
06:45:57.360621542            *0x19a00         mt.3    Entry      >Example1.main([Ljava/lang/String;)V bytecode static method
06:45:57.360623362             0x19a00  j9trc_aux.0    Event       jstacktrace:
06:45:57.360635007             0x19a00  j9trc_aux.1    Event       [1] Example1.main (Example1.java:26)
06:45:57.360643377             0x19a00         mt.0    Entry      >Example1.calculateSum(II)I bytecode method, this = 0xfff86890
06:45:57.360644104             0x19a00  j9trc_aux.0    Event       jstacktrace:
06:45:57.360645560             0x19a00  j9trc_aux.1    Event       [1] Example1.calculateSum (Example1.java:12)
06:45:57.360646288             0x19a00  j9trc_aux.1    Event       [2] Example1.main (Example1.java:27)
06:45:57.360647379             0x19a00         mt.0    Entry      >Example1.calculateMessage()V bytecode method, this = 0xfff86890
06:45:57.360647743             0x19a00  j9trc_aux.0    Event       jstacktrace:
06:45:57.360648471             0x19a00  j9trc_aux.1    Event       [1] Example1.calculateMessage (Example1.java:5)
06:45:57.360649563             0x19a00  j9trc_aux.1    Event       [2] Example1.calculateSum (Example1.java:12)
06:45:57.360650291             0x19a00  j9trc_aux.1    Event       [3] Example1.main (Example1.java:27)
06:45:57.361117540             0x19a00         mt.22   Exit      *<Example1.calculateMessage()V bytecode method, exception thrown
06:45:57.361118631             0x19a00         mt.22   Exit      *<Example1.calculateSum(II)I bytecode method, exception thrown
06:45:57.361118995             0x19a00         mt.25   Exit      *<Example1.main([Ljava/lang/String;)V bytecode static method, exception thrown
06:45:57.400136098             0x19a00         dg.262  Debug       ***** Thread termination - trace purged *****
